[2026-04-13T10:41:28.342Z] Plugin initialized: 0 commands []
[2026-04-13T10:41:28.343Z] Registered /subtask command
[2026-04-13T10:41:29.164Z] message-hooks: ENTRY msgCount=5, sessions=ses_27994d463ffeMz7Fw9izlNZ60f
[2026-04-13T10:41:29.164Z] message-hooks: MESSAGES: [0]user: text:""Give me 5 concise principles for writin..." | [1]assistant: step-start, reasoning, text:"Here are 5 practical principles for cold...", step-finish, patch | [2]user: text:""Using these principles: keep subjects u..." | [3]assistant: step-start, reasoning, text:"Here are the rewritten emails applying t...", step-finish, patch | [4]user: text:""Tighten these again. They still sound s..."
[2026-04-13T10:41:29.164Z] message-hooks: post-filter, msgCount=5
[2026-04-13T10:41:29.164Z] message-hooks: about to search for OPENCODE_GENERIC
[2026-04-13T10:41:29.164Z] message-hooks: searching 5 messages for OPENCODE_GENERIC
[2026-04-13T10:41:29.164Z] message-hooks: generic search complete, found=false, index=-1
[2026-04-13T10:41:29.164Z] message-hooks: no generic part found, checking for pending prompt return
[2026-04-13T10:49:32.013Z] message-hooks: ENTRY msgCount=5, sessions=ses_27992cb57ffeD0bFJodW6MbazP
[2026-04-13T10:49:32.013Z] message-hooks: MESSAGES: [0]user: text:"đặt ví trí b là một UI/UX dessginer 
htt..." | [1]assistant: step-start, reasoning, tool:completed, step-finish, patch | [2]assistant: step-start, tool:completed, step-finish, patch | [3]assistant: step-start, reasoning, text:"Chào bạn, dưới góc độ của một UI/UX Desi...", step-finish, patch | [4]user: text:"ok làm đi bạn "
[2026-04-13T10:49:32.013Z] message-hooks: post-filter, msgCount=5
[2026-04-13T10:49:32.013Z] message-hooks: about to search for OPENCODE_GENERIC
[2026-04-13T10:49:32.013Z] message-hooks: searching 5 messages for OPENCODE_GENERIC
[2026-04-13T10:49:32.013Z] message-hooks: generic search complete, found=false, index=-1
[2026-04-13T10:49:32.013Z] message-hooks: no generic part found, checking for pending prompt return
[2026-04-13T10:50:28.749Z] message-hooks: ENTRY msgCount=6, sessions=ses_27992cb57ffeD0bFJodW6MbazP
[2026-04-13T10:50:28.749Z] message-hooks: MESSAGES: [0]user: text:"đặt ví trí b là một UI/UX dessginer 
htt..." | [1]assistant: step-start, reasoning, tool:completed, step-finish, patch | [2]assistant: step-start, tool:completed, step-finish, patch | [3]assistant: step-start, reasoning, text:"Chào bạn, dưới góc độ của một UI/UX Desi...", step-finish, patch | [4]user: text:"ok làm đi bạn " | [5]assistant: step-start, reasoning, tool:error, step-finish, patch
[2026-04-13T10:50:28.749Z] message-hooks: post-filter, msgCount=6
[2026-04-13T10:50:28.749Z] message-hooks: about to search for OPENCODE_GENERIC
[2026-04-13T10:50:28.749Z] message-hooks: searching 6 messages for OPENCODE_GENERIC
[2026-04-13T10:50:28.749Z] message-hooks: generic search complete, found=false, index=-1
[2026-04-13T10:50:28.749Z] message-hooks: no generic part found, checking for pending prompt return
[2026-04-13T10:50:34.604Z] message-hooks: ENTRY msgCount=7, sessions=ses_27992cb57ffeD0bFJodW6MbazP
[2026-04-13T10:50:34.604Z] message-hooks: MESSAGES: [0]user: text:"đặt ví trí b là một UI/UX dessginer 
htt..." | [1]assistant: step-start, reasoning, tool:completed, step-finish, patch | [2]assistant: step-start, tool:completed, step-finish, patch | [3]assistant: step-start, reasoning, text:"Chào bạn, dưới góc độ của một UI/UX Desi...", step-finish, patch | [4]user: text:"ok làm đi bạn " | [5]assistant: step-start, reasoning, tool:error, step-finish, patch | [6]assistant: step-start, tool:completed, step-finish, patch
[2026-04-13T10:50:34.604Z] message-hooks: post-filter, msgCount=7
[2026-04-13T10:50:34.604Z] message-hooks: about to search for OPENCODE_GENERIC
[2026-04-13T10:50:34.604Z] message-hooks: searching 7 messages for OPENCODE_GENERIC
[2026-04-13T10:50:34.604Z] message-hooks: generic search complete, found=false, index=-1
[2026-04-13T10:50:34.604Z] message-hooks: no generic part found, checking for pending prompt return
[2026-04-13T10:50:44.900Z] message-hooks: ENTRY msgCount=8, sessions=ses_27992cb57ffeD0bFJodW6MbazP
[2026-04-13T10:50:44.900Z] message-hooks: MESSAGES: [0]user: text:"đặt ví trí b là một UI/UX dessginer 
htt..." | [1]assistant: step-start, reasoning, tool:completed, step-finish, patch | [2]assistant: step-start, tool:completed, step-finish, patch | [3]assistant: step-start, reasoning, text:"Chào bạn, dưới góc độ của một UI/UX Desi...", step-finish, patch | [4]user: text:"ok làm đi bạn " | [5]assistant: step-start, reasoning, tool:error, step-finish, patch | [6]assistant: step-start, tool:completed, step-finish, patch | [7]assistant: step-start, tool:completed, step-finish, patch
[2026-04-13T10:50:44.900Z] message-hooks: post-filter, msgCount=8
[2026-04-13T10:50:44.900Z] message-hooks: about to search for OPENCODE_GENERIC
[2026-04-13T10:50:44.900Z] message-hooks: searching 8 messages for OPENCODE_GENERIC
[2026-04-13T10:50:44.900Z] message-hooks: generic search complete, found=false, index=-1
[2026-04-13T10:50:44.900Z] message-hooks: no generic part found, checking for pending prompt return
[2026-04-13T10:51:01.887Z] message-hooks: ENTRY msgCount=9, sessions=ses_27992cb57ffeD0bFJodW6MbazP
[2026-04-13T10:51:01.887Z] message-hooks: MESSAGES: [0]user: text:"đặt ví trí b là một UI/UX dessginer 
htt..." | [1]assistant: step-start, reasoning, tool:completed, step-finish, patch | [2]assistant: step-start, tool:completed, step-finish, patch | [3]assistant: step-start, reasoning, text:"Chào bạn, dưới góc độ của một UI/UX Desi...", step-finish, patch | [4]user: text:"ok làm đi bạn " | [5]assistant: step-start, reasoning, tool:error, step-finish, patch | [6]assistant: step-start, tool:completed, step-finish, patch | [7]assistant: step-start, tool:completed, step-finish, patch | [8]assistant: step-start, tool:completed, step-finish, patch
[2026-04-13T10:51:01.887Z] message-hooks: post-filter, msgCount=9
[2026-04-13T10:51:01.887Z] message-hooks: about to search for OPENCODE_GENERIC
[2026-04-13T10:51:01.887Z] message-hooks: searching 9 messages for OPENCODE_GENERIC
[2026-04-13T10:51:01.887Z] message-hooks: generic search complete, found=false, index=-1
[2026-04-13T10:51:01.887Z] message-hooks: no generic part found, checking for pending prompt return
[2026-04-13T10:51:16.552Z] message-hooks: ENTRY msgCount=10, sessions=ses_27992cb57ffeD0bFJodW6MbazP
[2026-04-13T10:51:16.552Z] message-hooks: MESSAGES: [0]user: text:"đặt ví trí b là một UI/UX dessginer 
htt..." | [1]assistant: step-start, reasoning, tool:completed, step-finish, patch | [2]assistant: step-start, tool:completed, step-finish, patch | [3]assistant: step-start, reasoning, text:"Chào bạn, dưới góc độ của một UI/UX Desi...", step-finish, patch | [4]user: text:"ok làm đi bạn " | [5]assistant: step-start, reasoning, tool:error, step-finish, patch | [6]assistant: step-start, tool:completed, step-finish, patch | [7]assistant: step-start, tool:completed, step-finish, patch | [8]assistant: step-start, tool:completed, step-finish, patch | [9]assistant: step-start, tool:completed, step-finish, patch
[2026-04-13T10:51:16.552Z] message-hooks: post-filter, msgCount=10
[2026-04-13T10:51:16.552Z] message-hooks: about to search for OPENCODE_GENERIC
[2026-04-13T10:51:16.552Z] message-hooks: searching 10 messages for OPENCODE_GENERIC
[2026-04-13T10:51:16.552Z] message-hooks: generic search complete, found=false, index=-1
[2026-04-13T10:51:16.552Z] message-hooks: no generic part found, checking for pending prompt return
[2026-04-13T10:51:29.751Z] message-hooks: ENTRY msgCount=11, sessions=ses_27992cb57ffeD0bFJodW6MbazP
[2026-04-13T10:51:29.751Z] message-hooks: MESSAGES: [0]user: text:"đặt ví trí b là một UI/UX dessginer 
htt..." | [1]assistant: step-start, reasoning, tool:completed, step-finish, patch | [2]assistant: step-start, tool:completed, step-finish, patch | [3]assistant: step-start, reasoning, text:"Chào bạn, dưới góc độ của một UI/UX Desi...", step-finish, patch | [4]user: text:"ok làm đi bạn " | [5]assistant: step-start, reasoning, tool:error, step-finish, patch | [6]assistant: step-start, tool:completed, step-finish, patch | [7]assistant: step-start, tool:completed, step-finish, patch | [8]assistant: step-start, tool:completed, step-finish, patch | [9]assistant: step-start, tool:completed, step-finish, patch | [10]assistant: step-start, tool:completed, step-finish, patch
[2026-04-13T10:51:29.751Z] message-hooks: post-filter, msgCount=11
[2026-04-13T10:51:29.751Z] message-hooks: about to search for OPENCODE_GENERIC
[2026-04-13T10:51:29.751Z] message-hooks: searching 11 messages for OPENCODE_GENERIC
[2026-04-13T10:51:29.751Z] message-hooks: generic search complete, found=false, index=-1
[2026-04-13T10:51:29.751Z] message-hooks: no generic part found, checking for pending prompt return
[2026-04-13T10:51:44.196Z] message-hooks: ENTRY msgCount=12, sessions=ses_27992cb57ffeD0bFJodW6MbazP
[2026-04-13T10:51:44.196Z] message-hooks: MESSAGES: [0]user: text:"đặt ví trí b là một UI/UX dessginer 
htt..." | [1]assistant: step-start, reasoning, tool:completed, step-finish, patch | [2]assistant: step-start, tool:completed, step-finish, patch | [3]assistant: step-start, reasoning, text:"Chào bạn, dưới góc độ của một UI/UX Desi...", step-finish, patch | [4]user: text:"ok làm đi bạn " | [5]assistant: step-start, reasoning, tool:error, step-finish, patch | [6]assistant: step-start, tool:completed, step-finish, patch | [7]assistant: step-start, tool:completed, step-finish, patch | [8]assistant: step-start, tool:completed, step-finish, patch | [9]assistant: step-start, tool:completed, step-finish, patch | [10]assistant: step-start, tool:completed, step-finish, patch | [11]assistant: step-start, tool:completed, step-finish, patch
[2026-04-13T10:51:44.196Z] message-hooks: post-filter, msgCount=12
[2026-04-13T10:51:44.196Z] message-hooks: about to search for OPENCODE_GENERIC
[2026-04-13T10:51:44.196Z] message-hooks: searching 12 messages for OPENCODE_GENERIC
[2026-04-13T10:51:44.196Z] message-hooks: generic search complete, found=false, index=-1
[2026-04-13T10:51:44.196Z] message-hooks: no generic part found, checking for pending prompt return
[2026-04-13T10:51:52.382Z] session.idle: sessionID=ses_27992cb57ffeD0bFJodW6MbazP
